c:\users\clare\documents\github\course-materials-architecture-artfx-2020-0\engine-architecture\stealthfactor\build\engine\obj\win32\debug\targetcomponent.obj
c:\users\clare\documents\github\course-materials-architecture-artfx-2020-0\engine-architecture\stealthfactor\build\engine\obj\win32\debug\character.obj
c:\users\clare\documents\github\course-materials-architecture-artfx-2020-0\engine-architecture\stealthfactor\build\engine\obj\win32\debug\shapelist.obj
c:\users\clare\documents\github\course-materials-architecture-artfx-2020-0\engine-architecture\stealthfactor\build\engine\obj\win32\debug\stringid.obj
c:\users\clare\documents\github\course-materials-architecture-artfx-2020-0\engine-architecture\stealthfactor\build\engine\obj\win32\debug\enemycomponent.obj
c:\users\clare\documents\github\course-materials-architecture-artfx-2020-0\engine-architecture\stealthfactor\build\engine\obj\win32\debug\physicsmanager.obj
c:\users\clare\documents\github\course-materials-architecture-artfx-2020-0\engine-architecture\stealthfactor\build\engine\obj\win32\debug\physicscomponent.obj
c:\users\clare\documents\github\course-materials-architecture-artfx-2020-0\engine-architecture\stealthfactor\build\engine\obj\win32\debug\gameplaymanager.obj
c:\users\clare\documents\github\course-materials-architecture-artfx-2020-0\engine-architecture\stealthfactor\build\engine\obj\win32\debug\main.obj
c:\users\clare\documents\github\course-materials-architecture-artfx-2020-0\engine-architecture\stealthfactor\build\engine\obj\win32\debug\inputmanager.obj
c:\users\clare\documents\github\course-materials-architecture-artfx-2020-0\engine-architecture\stealthfactor\build\engine\obj\win32\debug\graphicsmanager.obj
c:\users\clare\documents\github\course-materials-architecture-artfx-2020-0\engine-architecture\stealthfactor\build\engine\obj\win32\debug\component.obj
c:\users\clare\documents\github\course-materials-architecture-artfx-2020-0\engine-architecture\stealthfactor\build\engine\obj\win32\debug\target.obj
c:\users\clare\documents\github\course-materials-architecture-artfx-2020-0\engine-architecture\stealthfactor\build\engine\obj\win32\debug\playercomponent.obj
c:\users\clare\documents\github\course-materials-architecture-artfx-2020-0\engine-architecture\stealthfactor\build\engine\obj\win32\debug\graphicscomponent.obj
c:\users\clare\documents\github\course-materials-architecture-artfx-2020-0\engine-architecture\stealthfactor\build\engine\obj\win32\debug\engine.obj
c:\users\clare\documents\github\course-materials-architecture-artfx-2020-0\engine-architecture\stealthfactor\build\engine\obj\win32\debug\enemy.obj
c:\users\clare\documents\github\course-materials-architecture-artfx-2020-0\engine-architecture\stealthfactor\build\engine\obj\win32\debug\player.obj
c:\users\clare\documents\github\course-materials-architecture-artfx-2020-0\engine-architecture\stealthfactor\build\engine\obj\win32\debug\entity.obj
c:\users\clare\documents\github\course-materials-architecture-artfx-2020-0\engine-architecture\stealthfactor\build\engine\obj\win32\debug\vc143.pdb
c:\users\clare\documents\github\course-materials-architecture-artfx-2020-0\engine-architecture\stealthfactor\build\engine\obj\win32\debug\shapesgraphicscomponent.obj
c:\users\clare\documents\github\course-materials-architecture-artfx-2020-0\engine-architecture\stealthfactor\bin32\engine-d.exe
c:\users\clare\documents\github\course-materials-architecture-artfx-2020-0\engine-architecture\stealthfactor\bin32\engine-d.pdb
c:\users\clare\documents\github\course-materials-architecture-artfx-2020-0\engine-architecture\stealthfactor\build\engine\obj\win32\debug\engine-d.ilk
c:\users\clare\documents\github\course-materials-architecture-artfx-2020-0\engine-architecture\stealthfactor\build\engine\obj\win32\debug\vc143.idb
c:\users\clare\documents\github\course-materials-architecture-artfx-2020-0\engine-architecture\stealthfactor\build\engine\obj\win32\debug\engine.tlog\cl.command.1.tlog
c:\users\clare\documents\github\course-materials-architecture-artfx-2020-0\engine-architecture\stealthfactor\build\engine\obj\win32\debug\engine.tlog\cl.items.tlog
c:\users\clare\documents\github\course-materials-architecture-artfx-2020-0\engine-architecture\stealthfactor\build\engine\obj\win32\debug\engine.tlog\cl.read.1.tlog
c:\users\clare\documents\github\course-materials-architecture-artfx-2020-0\engine-architecture\stealthfactor\build\engine\obj\win32\debug\engine.tlog\cl.write.1.tlog
c:\users\clare\documents\github\course-materials-architecture-artfx-2020-0\engine-architecture\stealthfactor\build\engine\obj\win32\debug\engine.tlog\link.command.1.tlog
c:\users\clare\documents\github\course-materials-architecture-artfx-2020-0\engine-architecture\stealthfactor\build\engine\obj\win32\debug\engine.tlog\link.read.1.tlog
c:\users\clare\documents\github\course-materials-architecture-artfx-2020-0\engine-architecture\stealthfactor\build\engine\obj\win32\debug\engine.tlog\link.secondary.1.tlog
c:\users\clare\documents\github\course-materials-architecture-artfx-2020-0\engine-architecture\stealthfactor\build\engine\obj\win32\debug\engine.tlog\link.write.1.tlog
